<?xml version="1.0" encoding="UTF-8"?>
<testng-results ignored="0" total="3" passed="3" failed="0" skipped="0">
  <reporter-output>
  </reporter-output>
  <suite started-at="2023-10-22T11:11:34 EDT" name="Suite" finished-at="2023-10-22T11:11:53 EDT" duration-ms="19281">
    <groups>
    </groups>
    <test started-at="2023-10-22T11:11:34 EDT" name="Test" finished-at="2023-10-22T11:11:53 EDT" duration-ms="19281">
      <class name="Test.SampleTest">
        <test-method is-config="true" signature="beforeMethod(java.lang.String,java.lang.String)[pri:0, instance:Test.SampleTest@173ed316]" started-at="2023-10-22T11:11:34 EDT" name="beforeMethod" finished-at="2023-10-22T11:11:42 EDT" duration-ms="7562" status="PASS">
          <params>
            <param index="0">
              <value>
                <![CDATA[chrome]]>
              </value>
            </param>
            <param index="1">
              <value>
                <![CDATA[https://www.facebook.com]]>
              </value>
            </param>
          </params>
          <reporter-output>
          </reporter-output>
        </test-method> <!-- beforeMethod -->
        <test-method signature="testCase1()[pri:0, instance:Test.SampleTest@173ed316]" started-at="2023-10-22T11:11:42 EDT" name="testCase1" finished-at="2023-10-22T11:11:42 EDT" duration-ms="5" status="PASS">
          <reporter-output>
          </reporter-output>
        </test-method> <!-- testCase1 -->
        <test-method is-config="true" signature="afterMethod()[pri:0, instance:Test.SampleTest@173ed316]" started-at="2023-10-22T11:11:42 EDT" name="afterMethod" finished-at="2023-10-22T11:11:42 EDT" duration-ms="135" status="PASS">
          <reporter-output>
          </reporter-output>
        </test-method> <!-- afterMethod -->
        <test-method is-config="true" signature="beforeMethod(java.lang.String,java.lang.String)[pri:0, instance:Test.SampleTest@173ed316]" started-at="2023-10-22T11:11:42 EDT" name="beforeMethod" finished-at="2023-10-22T11:11:48 EDT" duration-ms="5610" status="PASS">
          <params>
            <param index="0">
              <value>
                <![CDATA[chrome]]>
              </value>
            </param>
            <param index="1">
              <value>
                <![CDATA[https://www.facebook.com]]>
              </value>
            </param>
          </params>
          <reporter-output>
          </reporter-output>
        </test-method> <!-- beforeMethod -->
        <test-method signature="testCase2()[pri:0, instance:Test.SampleTest@173ed316]" started-at="2023-10-22T11:11:48 EDT" name="testCase2" finished-at="2023-10-22T11:11:48 EDT" duration-ms="1" status="PASS">
          <reporter-output>
          </reporter-output>
        </test-method> <!-- testCase2 -->
        <test-method is-config="true" signature="afterMethod()[pri:0, instance:Test.SampleTest@173ed316]" started-at="2023-10-22T11:11:48 EDT" name="afterMethod" finished-at="2023-10-22T11:11:48 EDT" duration-ms="156" status="PASS">
          <reporter-output>
          </reporter-output>
        </test-method> <!-- afterMethod -->
        <test-method is-config="true" signature="beforeMethod(java.lang.String,java.lang.String)[pri:0, instance:Test.SampleTest@173ed316]" started-at="2023-10-22T11:11:48 EDT" name="beforeMethod" finished-at="2023-10-22T11:11:53 EDT" duration-ms="5582" status="PASS">
          <params>
            <param index="0">
              <value>
                <![CDATA[chrome]]>
              </value>
            </param>
            <param index="1">
              <value>
                <![CDATA[https://www.facebook.com]]>
              </value>
            </param>
          </params>
          <reporter-output>
          </reporter-output>
        </test-method> <!-- beforeMethod -->
        <test-method signature="testCase3()[pri:0, instance:Test.SampleTest@173ed316]" started-at="2023-10-22T11:11:53 EDT" name="testCase3" finished-at="2023-10-22T11:11:53 EDT" duration-ms="1" status="PASS">
          <reporter-output>
          </reporter-output>
        </test-method> <!-- testCase3 -->
        <test-method is-config="true" signature="afterMethod()[pri:0, instance:Test.SampleTest@173ed316]" started-at="2023-10-22T11:11:53 EDT" name="afterMethod" finished-at="2023-10-22T11:11:53 EDT" duration-ms="159" status="PASS">
          <reporter-output>
          </reporter-output>
        </test-method> <!-- afterMethod -->
      </class> <!-- Test.SampleTest -->
    </test> <!-- Test -->
  </suite> <!-- Suite -->
</testng-results>
